exmOpenGL/build/intermediates/manifest_merge_blame_file/debug/manifest-merger-blame-debug-report.txt
1<?xml version="1.0" encoding="utf-8"?>
2<manifest xmlns:android="http://schemas.android.com/apk/res/android"
3    package="com.example.exmopengl"
4    android:versionCode="1"
5    android:versionName="1.0" >
6
7    <uses-sdk
7-->src\main\AndroidManifest.xml:7:5-9:41
8        android:minSdkVersion="15"
8-->src\main\AndroidManifest.xml:8:9-35
9        android:targetSdkVersion="23" />
9-->src\main\AndroidManifest.xml:9:9-38
10
11    <!-- SD卡 -->
12    <uses-permission android:name="android.permission.WRITE_EXTERNAL_STORAGE" />
12-->src\main\AndroidManifest.xml:12:5-81
12-->src\main\AndroidManifest.xml:12:22-78
13    <uses-permission android:name="android.permission.READ_EXTERNAL_STORAGE" />
13-->src\main\AndroidManifest.xml:13:5-80
13-->src\main\AndroidManifest.xml:13:22-77
14    <uses-permission android:name="android.permission.MOUNT_UNMOUNT_FILESYSTEMS" />
14-->src\main\AndroidManifest.xml:14:5-84
14-->src\main\AndroidManifest.xml:14:22-81
15    <!-- 定位 -->
16    <uses-permission android:name="android.permission.ACCESS_COARSE_LOCATION" />
16-->src\main\AndroidManifest.xml:16:2-78
16-->src\main\AndroidManifest.xml:16:19-75
17    <uses-permission android:name="android.permission.ACCESS_FINE_LOCATION" />
17-->src\main\AndroidManifest.xml:17:2-76
17-->src\main\AndroidManifest.xml:17:19-73
18    <uses-permission android:name="android.permission.ACCESS_MOCK_LOCATION" />
18-->src\main\AndroidManifest.xml:18:2-76
18-->src\main\AndroidManifest.xml:18:19-73
19
20    <application
20-->src\main\AndroidManifest.xml:20:5-43:19
21        android:allowBackup="true"
21-->src\main\AndroidManifest.xml:21:9-35
22        android:debuggable="true"
23        android:icon="@drawable/ic_launcher"
23-->src\main\AndroidManifest.xml:22:9-45
24        android:label="@string/app_name"
24-->src\main\AndroidManifest.xml:23:9-41
25        android:testOnly="true"
26        android:theme="@style/AppTheme" >
26-->src\main\AndroidManifest.xml:24:9-40
27        <activity
27-->src\main\AndroidManifest.xml:25:9-33:20
28            android:name="com.example.exmopengl.MainActivity"
28-->src\main\AndroidManifest.xml:26:13-41
29            android:label="@string/app_name" >
29-->src\main\AndroidManifest.xml:27:13-45
30            <intent-filter>
30-->src\main\AndroidManifest.xml:28:13-32:29
31                <action android:name="android.intent.action.MAIN" />
31-->src\main\AndroidManifest.xml:29:17-69
31-->src\main\AndroidManifest.xml:29:25-66
32
33                <category android:name="android.intent.category.LAUNCHER" />
33-->src\main\AndroidManifest.xml:31:17-77
33-->src\main\AndroidManifest.xml:31:27-74
34            </intent-filter>
35        </activity>
36        <activity android:name="com.example.exmopengl.BasicActivity" />
36-->src\main\AndroidManifest.xml:35:9-51
36-->src\main\AndroidManifest.xml:35:19-48
37        <activity android:name="com.example.exmopengl.TextureActivity" />
37-->src\main\AndroidManifest.xml:36:9-53
37-->src\main\AndroidManifest.xml:36:19-50
38        <activity android:name="com.example.exmopengl.GlCubeActivity" />
38-->src\main\AndroidManifest.xml:37:9-52
38-->src\main\AndroidManifest.xml:37:19-49
39        <activity android:name="com.example.exmopengl.GlBallActivity" />
39-->src\main\AndroidManifest.xml:38:9-52
39-->src\main\AndroidManifest.xml:38:19-49
40        <activity android:name="com.example.exmopengl.GlGlobeActivity" />
40-->src\main\AndroidManifest.xml:39:9-53
40-->src\main\AndroidManifest.xml:39:19-50
41        <activity android:name="com.example.exmopengl.GlTurnActivity" />
41-->src\main\AndroidManifest.xml:40:9-52
41-->src\main\AndroidManifest.xml:40:19-49
42        <activity android:name="com.example.exmopengl.GlPanoramaActivity" />
42-->src\main\AndroidManifest.xml:41:9-56
42-->src\main\AndroidManifest.xml:41:19-53
43    </application>
44
45</manifest>